<?xml version="1.0" encoding="UTF-8"?>
<!-- Generated by org.testng.reporters.JUnitReportReporter -->
<testsuite hostname="DESKTOP-PGBBFHP" failures="0" tests="2" name="test.loginTest" time="14.685" errors="0" timestamp="2021-01-22T16:42:30 IST" skipped="0">
  <testcase classname="test.loginTest" name="test1" time="10.381"/>
  <system-out/>
  <testcase classname="test.loginTest" name="test1" time="4.304"/>
  <system-out/>
</testsuite> <!-- test.loginTest -->
