<?xml version="1.0" encoding="UTF-8"?>
<!-- Generated by org.testng.reporters.JUnitReportReporter -->
<testsuite hostname="DESKTOP-PGBBFHP" failures="0" tests="1" name="test.TestNG_Demo" time="10.313" errors="0" timestamp="2021-01-21T07:26:40 IST" skipped="0">
  <testcase classname="test.TestNG_Demo" name="googlesearch" time="10.313"/>
  <system-out/>
</testsuite> <!-- test.TestNG_Demo -->
