<?xml version="1.0" encoding="UTF-8"?>
<!-- Generated by org.testng.reporters.JUnitReportReporter -->
<testsuite hostname="DESKTOP-PGBBFHP" failures="0" tests="1" name="test.TestNG_Demo2" time="7.290" errors="0" timestamp="2021-01-21T19:45:40 IST" skipped="0">
  <testcase classname="test.TestNG_Demo2" name="googlesearch2" time="7.290"/>
  <system-out/>
</testsuite> <!-- test.TestNG_Demo2 -->
