<?xml version="1.0" encoding="UTF-8"?>
<!-- Generated by org.testng.reporters.JUnitReportReporter -->
<testsuite hostname="DESKTOP-PGBBFHP" failures="0" tests="2" name="utils.ExcelDataProvider" time="9.555" errors="0" timestamp="2021-01-22T15:41:04 IST" skipped="0">
  <testcase classname="utils.ExcelDataProvider" name="test1" time="2.248"/>
  <system-out/>
  <testcase classname="utils.ExcelDataProvider" name="test1" time="7.307"/>
  <system-out/>
</testsuite> <!-- utils.ExcelDataProvider -->
