<?xml version="1.0" encoding="UTF-8"?>
<!-- Generated by org.testng.reporters.JUnitReportReporter -->
<testsuite hostname="DESKTOP-PGBBFHP" failures="0" tests="2" name="utils.loginTest" time="12.801" errors="0" timestamp="2021-01-22T15:48:14 IST" skipped="0">
  <testcase classname="utils.loginTest" name="test1" time="9.083"/>
  <system-out/>
  <testcase classname="utils.loginTest" name="test1" time="3.718"/>
  <system-out/>
</testsuite> <!-- utils.loginTest -->
