<?xml version="1.0" encoding="UTF-8"?>
<!-- Generated by org.testng.reporters.JUnitReportReporter -->
<testsuite hostname="DESKTOP-PGBBFHP" failures="0" tests="2" name="test.ExtentReportsDemoWithTestNG" time="4.930" errors="0" timestamp="2021-01-21T16:46:17 IST" skipped="0">
  <testcase classname="test.ExtentReportsDemoWithTestNG" name="test2" time="0.001"/>
  <system-out/>
  <testcase classname="test.ExtentReportsDemoWithTestNG" name="test1" time="4.929"/>
  <system-out/>
</testsuite> <!-- test.ExtentReportsDemoWithTestNG -->
